<?xml version="1.0" encoding="UTF-8"?>
<testng-results ignored="0" total="1" passed="1" failed="0" skipped="0">
  <reporter-output>
  </reporter-output>
  <suite started-at="2022-11-02T21:11:55 IST" name="Default suite" finished-at="2022-11-02T21:11:59 IST" duration-ms="3856">
    <groups>
    </groups>
    <test started-at="2022-11-02T21:11:55 IST" name="Default test" finished-at="2022-11-02T21:11:59 IST" duration-ms="3856">
      <class name="apitest.Getres_post_json_newmeth">
        <test-method is-config="true" signature="precond()[pri:0, instance:apitest.Getres_post_json_newmeth@355ce81c]" started-at="2022-11-02T21:11:55 IST" name="precond" finished-at="2022-11-02T21:11:56 IST" duration-ms="1069" status="PASS">
          <reporter-output>
          </reporter-output>
        </test-method> <!-- precond -->
        <test-method signature="get()[pri:0, instance:apitest.Getres_post_json_newmeth@355ce81c]" started-at="2022-11-02T21:11:56 IST" name="get" finished-at="2022-11-02T21:11:59 IST" duration-ms="2747" status="PASS">
          <reporter-output>
          </reporter-output>
        </test-method> <!-- get -->
      </class> <!-- apitest.Getres_post_json_newmeth -->
    </test> <!-- Default test -->
  </suite> <!-- Default suite -->
</testng-results>
